Arguments: 
  /Users/ryan/.nvm/versions/node/v15.14.0/bin/node /opt/homebrew/Cellar/yarn/1.22.10/libexec/bin/yarn.js add node-fast-html-parser

PATH: 
  /Users/ryan/.nvm/versions/node/v15.14.0/bin:/usr/local/homebrew/bin:/opt/homebrew/bin:/opt/homebrew/sbin:/usr/local/bin:/usr/bin:/bin:/usr/sbin:/sbin

Yarn version: 
  1.22.10

Node version: 
  15.14.0

Platform: 
  darwin arm64

Trace: 
  Error: https://registry.yarnpkg.com/node-fast-html-parser: Not found
      at Request.params.callback [as _callback] (/opt/homebrew/Cellar/yarn/1.22.10/libexec/lib/cli.js:66988:18)
      at Request.self.callback (/opt/homebrew/Cellar/yarn/1.22.10/libexec/lib/cli.js:140749:22)
      at Request.emit (node:events:369:20)
      at Request.<anonymous> (/opt/homebrew/Cellar/yarn/1.22.10/libexec/lib/cli.js:141721:10)
      at Request.emit (node:events:369:20)
      at IncomingMessage.<anonymous> (/opt/homebrew/Cellar/yarn/1.22.10/libexec/lib/cli.js:141643:12)
      at Object.onceWrapper (node:events:475:28)
      at IncomingMessage.emit (node:events:381:22)
      at endReadableNT (node:internal/streams/readable:1307:12)
      at processTicksAndRejections (node:internal/process/task_queues:81:21)

npm manifest: 
  {
    "name": "talus-gatsby-transformer-svg",
    "version": "1.0.0",
    "description": "Talus Analytics Gatsby SVG transformer",
    "main": "index.js",
    "author": "Ryan Zimmerman",
    "license": "MIT",
    "dependencies": {
      "typescript": "^4.4.2"
    },
    "scripts": {
      "build": "tsc -b",
      "develop": "tsc -w"
    }
  }

yarn manifest: 
  No manifest

Lockfile: 
  # THIS IS AN AUTOGENERATED FILE. DO NOT EDIT THIS FILE DIRECTLY.
  # yarn lockfile v1
  
  
  typescript@^4.4.2:
    version "4.4.2"
    resolved "https://registry.yarnpkg.com/typescript/-/typescript-4.4.2.tgz#6d618640d430e3569a1dfb44f7d7e600ced3ee86"
    integrity sha512-gzP+t5W4hdy4c+68bfcv0t400HVJMMd2+H9B7gae1nQlBzCqvrXX+6GL/b3GAgyTH966pzrZ70/fRjwAtZksSQ==
